CRITICAL - 2023-06-28 12:29:27 --> syntax error, unexpected token "endforeach", expecting end of file
in APPPATH\Views\dataview.php on line 10.
 1 SYSTEMPATH\View\View.php(216): CodeIgniter\View\View->CodeIgniter\View\{closure}()
 2 SYSTEMPATH\Common.php(1184): CodeIgniter\View\View->render('dataview', [], true)
 3 APPPATH\Controllers\Data.php(15): view('dataview', [...])
 4 SYSTEMPATH\CodeIgniter.php(934): App\Controllers\Data->index()
 5 SYSTEMPATH\CodeIgniter.php(499): CodeIgniter\CodeIgniter->runController(Object(App\Controllers\Data))
 6 SYSTEMPATH\CodeIgniter.php(368): CodeIgniter\CodeIgniter->handleRequest(null, Object(Config\Cache), false)
 7 FCPATH\index.php(67): CodeIgniter\CodeIgniter->run()
 8 SYSTEMPATH\Commands\Server\rewrite.php(47): require_once('D:\\xampp\\htdocs\\Week 6 Layout Implementation\\public\\index.php')
CRITICAL - 2023-06-28 12:31:17 --> syntax error, unexpected token "endforeach", expecting end of file
in APPPATH\Views\dataview.php on line 10.
 1 SYSTEMPATH\View\View.php(216): CodeIgniter\View\View->CodeIgniter\View\{closure}()
 2 SYSTEMPATH\Common.php(1184): CodeIgniter\View\View->render('dataview', [], true)
 3 APPPATH\Controllers\Data.php(15): view('dataview', [...])
 4 SYSTEMPATH\CodeIgniter.php(934): App\Controllers\Data->index()
 5 SYSTEMPATH\CodeIgniter.php(499): CodeIgniter\CodeIgniter->runController(Object(App\Controllers\Data))
 6 SYSTEMPATH\CodeIgniter.php(368): CodeIgniter\CodeIgniter->handleRequest(null, Object(Config\Cache), false)
 7 FCPATH\index.php(67): CodeIgniter\CodeIgniter->run()
 8 SYSTEMPATH\Commands\Server\rewrite.php(47): require_once('D:\\xampp\\htdocs\\Week 6 Layout Implementation\\public\\index.php')
CRITICAL - 2023-06-28 12:31:18 --> syntax error, unexpected token "endforeach", expecting end of file
in APPPATH\Views\dataview.php on line 10.
 1 SYSTEMPATH\View\View.php(216): CodeIgniter\View\View->CodeIgniter\View\{closure}()
 2 SYSTEMPATH\Common.php(1184): CodeIgniter\View\View->render('dataview', [], true)
 3 APPPATH\Controllers\Data.php(15): view('dataview', [...])
 4 SYSTEMPATH\CodeIgniter.php(934): App\Controllers\Data->index()
 5 SYSTEMPATH\CodeIgniter.php(499): CodeIgniter\CodeIgniter->runController(Object(App\Controllers\Data))
 6 SYSTEMPATH\CodeIgniter.php(368): CodeIgniter\CodeIgniter->handleRequest(null, Object(Config\Cache), false)
 7 FCPATH\index.php(67): CodeIgniter\CodeIgniter->run()
 8 SYSTEMPATH\Commands\Server\rewrite.php(47): require_once('D:\\xampp\\htdocs\\Week 6 Layout Implementation\\public\\index.php')
CRITICAL - 2023-06-28 12:31:18 --> syntax error, unexpected token "endforeach", expecting end of file
in APPPATH\Views\dataview.php on line 10.
 1 SYSTEMPATH\View\View.php(216): CodeIgniter\View\View->CodeIgniter\View\{closure}()
 2 SYSTEMPATH\Common.php(1184): CodeIgniter\View\View->render('dataview', [], true)
 3 APPPATH\Controllers\Data.php(15): view('dataview', [...])
 4 SYSTEMPATH\CodeIgniter.php(934): App\Controllers\Data->index()
 5 SYSTEMPATH\CodeIgniter.php(499): CodeIgniter\CodeIgniter->runController(Object(App\Controllers\Data))
 6 SYSTEMPATH\CodeIgniter.php(368): CodeIgniter\CodeIgniter->handleRequest(null, Object(Config\Cache), false)
 7 FCPATH\index.php(67): CodeIgniter\CodeIgniter->run()
 8 SYSTEMPATH\Commands\Server\rewrite.php(47): require_once('D:\\xampp\\htdocs\\Week 6 Layout Implementation\\public\\index.php')
CRITICAL - 2023-06-28 12:31:27 --> syntax error, unexpected token "endforeach", expecting end of file
in APPPATH\Views\dataview.php on line 10.
 1 SYSTEMPATH\View\View.php(216): CodeIgniter\View\View->CodeIgniter\View\{closure}()
 2 SYSTEMPATH\Common.php(1184): CodeIgniter\View\View->render('dataview', [], true)
 3 APPPATH\Controllers\Data.php(15): view('dataview', [...])
 4 SYSTEMPATH\CodeIgniter.php(934): App\Controllers\Data->index()
 5 SYSTEMPATH\CodeIgniter.php(499): CodeIgniter\CodeIgniter->runController(Object(App\Controllers\Data))
 6 SYSTEMPATH\CodeIgniter.php(368): CodeIgniter\CodeIgniter->handleRequest(null, Object(Config\Cache), false)
 7 FCPATH\index.php(67): CodeIgniter\CodeIgniter->run()
 8 SYSTEMPATH\Commands\Server\rewrite.php(47): require_once('D:\\xampp\\htdocs\\Week 6 Layout Implementation\\public\\index.php')
CRITICAL - 2023-06-28 12:31:28 --> syntax error, unexpected token "endforeach", expecting end of file
in APPPATH\Views\dataview.php on line 10.
 1 SYSTEMPATH\View\View.php(216): CodeIgniter\View\View->CodeIgniter\View\{closure}()
 2 SYSTEMPATH\Common.php(1184): CodeIgniter\View\View->render('dataview', [], true)
 3 APPPATH\Controllers\Data.php(15): view('dataview', [...])
 4 SYSTEMPATH\CodeIgniter.php(934): App\Controllers\Data->index()
 5 SYSTEMPATH\CodeIgniter.php(499): CodeIgniter\CodeIgniter->runController(Object(App\Controllers\Data))
 6 SYSTEMPATH\CodeIgniter.php(368): CodeIgniter\CodeIgniter->handleRequest(null, Object(Config\Cache), false)
 7 FCPATH\index.php(67): CodeIgniter\CodeIgniter->run()
 8 SYSTEMPATH\Commands\Server\rewrite.php(47): require_once('D:\\xampp\\htdocs\\Week 6 Layout Implementation\\public\\index.php')
CRITICAL - 2023-06-28 12:31:31 --> syntax error, unexpected token "endforeach", expecting end of file
in APPPATH\Views\dataview.php on line 10.
 1 SYSTEMPATH\View\View.php(216): CodeIgniter\View\View->CodeIgniter\View\{closure}()
 2 SYSTEMPATH\Common.php(1184): CodeIgniter\View\View->render('dataview', [], true)
 3 APPPATH\Controllers\Data.php(15): view('dataview', [...])
 4 SYSTEMPATH\CodeIgniter.php(934): App\Controllers\Data->index()
 5 SYSTEMPATH\CodeIgniter.php(499): CodeIgniter\CodeIgniter->runController(Object(App\Controllers\Data))
 6 SYSTEMPATH\CodeIgniter.php(368): CodeIgniter\CodeIgniter->handleRequest(null, Object(Config\Cache), false)
 7 FCPATH\index.php(67): CodeIgniter\CodeIgniter->run()
 8 SYSTEMPATH\Commands\Server\rewrite.php(47): require_once('D:\\xampp\\htdocs\\Week 6 Layout Implementation\\public\\index.php')
CRITICAL - 2023-06-28 12:31:32 --> syntax error, unexpected token "endforeach", expecting end of file
in APPPATH\Views\dataview.php on line 10.
 1 SYSTEMPATH\View\View.php(216): CodeIgniter\View\View->CodeIgniter\View\{closure}()
 2 SYSTEMPATH\Common.php(1184): CodeIgniter\View\View->render('dataview', [], true)
 3 APPPATH\Controllers\Data.php(15): view('dataview', [...])
 4 SYSTEMPATH\CodeIgniter.php(934): App\Controllers\Data->index()
 5 SYSTEMPATH\CodeIgniter.php(499): CodeIgniter\CodeIgniter->runController(Object(App\Controllers\Data))
 6 SYSTEMPATH\CodeIgniter.php(368): CodeIgniter\CodeIgniter->handleRequest(null, Object(Config\Cache), false)
 7 FCPATH\index.php(67): CodeIgniter\CodeIgniter->run()
 8 SYSTEMPATH\Commands\Server\rewrite.php(47): require_once('D:\\xampp\\htdocs\\Week 6 Layout Implementation\\public\\index.php')
CRITICAL - 2023-06-28 12:31:35 --> syntax error, unexpected token ")"
in APPPATH\Views\dataview.php on line 8.
 1 SYSTEMPATH\View\View.php(216): CodeIgniter\View\View->CodeIgniter\View\{closure}()
 2 SYSTEMPATH\Common.php(1184): CodeIgniter\View\View->render('dataview', [], true)
 3 APPPATH\Controllers\Data.php(15): view('dataview', [...])
 4 SYSTEMPATH\CodeIgniter.php(934): App\Controllers\Data->index()
 5 SYSTEMPATH\CodeIgniter.php(499): CodeIgniter\CodeIgniter->runController(Object(App\Controllers\Data))
 6 SYSTEMPATH\CodeIgniter.php(368): CodeIgniter\CodeIgniter->handleRequest(null, Object(Config\Cache), false)
 7 FCPATH\index.php(67): CodeIgniter\CodeIgniter->run()
 8 SYSTEMPATH\Commands\Server\rewrite.php(47): require_once('D:\\xampp\\htdocs\\Week 6 Layout Implementation\\public\\index.php')
CRITICAL - 2023-06-28 12:31:38 --> syntax error, unexpected token "endforeach", expecting end of file
in APPPATH\Views\dataview.php on line 10.
 1 SYSTEMPATH\View\View.php(216): CodeIgniter\View\View->CodeIgniter\View\{closure}()
 2 SYSTEMPATH\Common.php(1184): CodeIgniter\View\View->render('dataview', [], true)
 3 APPPATH\Controllers\Data.php(15): view('dataview', [...])
 4 SYSTEMPATH\CodeIgniter.php(934): App\Controllers\Data->index()
 5 SYSTEMPATH\CodeIgniter.php(499): CodeIgniter\CodeIgniter->runController(Object(App\Controllers\Data))
 6 SYSTEMPATH\CodeIgniter.php(368): CodeIgniter\CodeIgniter->handleRequest(null, Object(Config\Cache), false)
 7 FCPATH\index.php(67): CodeIgniter\CodeIgniter->run()
 8 SYSTEMPATH\Commands\Server\rewrite.php(47): require_once('D:\\xampp\\htdocs\\Week 6 Layout Implementation\\public\\index.php')
CRITICAL - 2023-06-28 12:31:38 --> syntax error, unexpected token "endforeach", expecting end of file
in APPPATH\Views\dataview.php on line 10.
 1 SYSTEMPATH\View\View.php(216): CodeIgniter\View\View->CodeIgniter\View\{closure}()
 2 SYSTEMPATH\Common.php(1184): CodeIgniter\View\View->render('dataview', [], true)
 3 APPPATH\Controllers\Data.php(15): view('dataview', [...])
 4 SYSTEMPATH\CodeIgniter.php(934): App\Controllers\Data->index()
 5 SYSTEMPATH\CodeIgniter.php(499): CodeIgniter\CodeIgniter->runController(Object(App\Controllers\Data))
 6 SYSTEMPATH\CodeIgniter.php(368): CodeIgniter\CodeIgniter->handleRequest(null, Object(Config\Cache), false)
 7 FCPATH\index.php(67): CodeIgniter\CodeIgniter->run()
 8 SYSTEMPATH\Commands\Server\rewrite.php(47): require_once('D:\\xampp\\htdocs\\Week 6 Layout Implementation\\public\\index.php')
CRITICAL - 2023-06-28 12:33:23 --> Undefined variable $subject
in APPPATH\Views\dataview.php on line 8.
 1 APPPATH\Views\dataview.php(8): CodeIgniter\Debug\Exceptions->errorHandler(2, 'Undefined variable $subject', 'D:\\xampp\\htdocs\\Week 6 Layout Implementation\\app\\Views\\dataview.php', 8)
 2 SYSTEMPATH\View\View.php(213): include('D:\\xampp\\htdocs\\Week 6 Layout Implementation\\app\\Views\\dataview.php')
 3 SYSTEMPATH\View\View.php(216): CodeIgniter\View\View->CodeIgniter\View\{closure}()
 4 SYSTEMPATH\Common.php(1184): CodeIgniter\View\View->render('dataview', [], true)
 5 APPPATH\Controllers\Data.php(15): view('dataview', [...])
 6 SYSTEMPATH\CodeIgniter.php(934): App\Controllers\Data->index()
 7 SYSTEMPATH\CodeIgniter.php(499): CodeIgniter\CodeIgniter->runController(Object(App\Controllers\Data))
 8 SYSTEMPATH\CodeIgniter.php(368): CodeIgniter\CodeIgniter->handleRequest(null, Object(Config\Cache), false)
 9 FCPATH\index.php(67): CodeIgniter\CodeIgniter->run()
10 SYSTEMPATH\Commands\Server\rewrite.php(47): require_once('D:\\xampp\\htdocs\\Week 6 Layout Implementation\\public\\index.php')
CRITICAL - 2023-06-28 12:33:25 --> Undefined variable $subject
in APPPATH\Views\dataview.php on line 8.
 1 APPPATH\Views\dataview.php(8): CodeIgniter\Debug\Exceptions->errorHandler(2, 'Undefined variable $subject', 'D:\\xampp\\htdocs\\Week 6 Layout Implementation\\app\\Views\\dataview.php', 8)
 2 SYSTEMPATH\View\View.php(213): include('D:\\xampp\\htdocs\\Week 6 Layout Implementation\\app\\Views\\dataview.php')
 3 SYSTEMPATH\View\View.php(216): CodeIgniter\View\View->CodeIgniter\View\{closure}()
 4 SYSTEMPATH\Common.php(1184): CodeIgniter\View\View->render('dataview', [], true)
 5 APPPATH\Controllers\Data.php(15): view('dataview', [...])
 6 SYSTEMPATH\CodeIgniter.php(934): App\Controllers\Data->index()
 7 SYSTEMPATH\CodeIgniter.php(499): CodeIgniter\CodeIgniter->runController(Object(App\Controllers\Data))
 8 SYSTEMPATH\CodeIgniter.php(368): CodeIgniter\CodeIgniter->handleRequest(null, Object(Config\Cache), false)
 9 FCPATH\index.php(67): CodeIgniter\CodeIgniter->run()
10 SYSTEMPATH\Commands\Server\rewrite.php(47): require_once('D:\\xampp\\htdocs\\Week 6 Layout Implementation\\public\\index.php')
CRITICAL - 2023-06-28 12:36:45 --> Invalid file: "barangay_officials.php"
in SYSTEMPATH\Exceptions\FrameworkException.php on line 33.
 1 SYSTEMPATH\View\View.php(201): CodeIgniter\Exceptions\FrameworkException::forInvalidFile('barangay_officials.php')
 2 SYSTEMPATH\Common.php(1184): CodeIgniter\View\View->render('barangay_officials', [], true)
 3 APPPATH\Controllers\Data.php(20): view('barangay_officials')
 4 SYSTEMPATH\CodeIgniter.php(934): App\Controllers\Data->barangayList()
 5 SYSTEMPATH\CodeIgniter.php(499): CodeIgniter\CodeIgniter->runController(Object(App\Controllers\Data))
 6 SYSTEMPATH\CodeIgniter.php(368): CodeIgniter\CodeIgniter->handleRequest(null, Object(Config\Cache), false)
 7 FCPATH\index.php(67): CodeIgniter\CodeIgniter->run()
 8 SYSTEMPATH\Commands\Server\rewrite.php(47): require_once('D:\\xampp\\htdocs\\Week 6 Layout Implementation\\public\\index.php')
CRITICAL - 2023-06-28 12:48:01 --> Undefined property: stdClass::$middle_initial0
in APPPATH\Views\partials\dashboard\barangay_officials.php on line 27.
 1 APPPATH\Views\partials\dashboard\barangay_officials.php(27): CodeIgniter\Debug\Exceptions->errorHandler(2, 'Undefined property: stdClass::$middle_initial0', 'D:\\xampp\\htdocs\\Week 6 Layout Implementation\\app\\Views\\partials\\dashboard\\barangay_officials.php', 27)
 2 SYSTEMPATH\View\View.php(213): include('D:\\xampp\\htdocs\\Week 6 Layout Implementation\\app\\Views\\partials\\dashboard\\barangay_officials.php')
 3 SYSTEMPATH\View\View.php(216): CodeIgniter\View\View->CodeIgniter\View\{closure}()
 4 SYSTEMPATH\Common.php(1184): CodeIgniter\View\View->render('\\partials\\dashboard\\barangay_officials', [], true)
 5 APPPATH\Controllers\Data.php(22): view('\\partials\\dashboard\\barangay_officials', [...])
 6 SYSTEMPATH\CodeIgniter.php(934): App\Controllers\Data->barangayList()
 7 SYSTEMPATH\CodeIgniter.php(499): CodeIgniter\CodeIgniter->runController(Object(App\Controllers\Data))
 8 SYSTEMPATH\CodeIgniter.php(368): CodeIgniter\CodeIgniter->handleRequest(null, Object(Config\Cache), false)
 9 FCPATH\index.php(67): CodeIgniter\CodeIgniter->run()
10 SYSTEMPATH\Commands\Server\rewrite.php(47): require_once('D:\\xampp\\htdocs\\Week 6 Layout Implementation\\public\\index.php')
CRITICAL - 2023-06-28 12:52:06 --> Undefined variable $page_title
in APPPATH\Views\dashboard_view.php on line 4.
 1 APPPATH\Views\dashboard_view.php(4): CodeIgniter\Debug\Exceptions->errorHandler(2, 'Undefined variable $page_title', 'D:\\xampp\\htdocs\\Week 6 Layout Implementation\\app\\Views\\dashboard_view.php', 4)
 2 SYSTEMPATH\View\View.php(213): include('D:\\xampp\\htdocs\\Week 6 Layout Implementation\\app\\Views\\dashboard_view.php')
 3 SYSTEMPATH\View\View.php(216): CodeIgniter\View\View->CodeIgniter\View\{closure}()
 4 SYSTEMPATH\Common.php(1184): CodeIgniter\View\View->render('dashboard_view', [], true)
 5 APPPATH\Controllers\Dashboard.php(16): view('dashboard_view', [...])
 6 SYSTEMPATH\CodeIgniter.php(934): App\Controllers\Dashboard->index()
 7 SYSTEMPATH\CodeIgniter.php(499): CodeIgniter\CodeIgniter->runController(Object(App\Controllers\Dashboard))
 8 SYSTEMPATH\CodeIgniter.php(368): CodeIgniter\CodeIgniter->handleRequest(null, Object(Config\Cache), false)
 9 FCPATH\index.php(67): CodeIgniter\CodeIgniter->run()
10 SYSTEMPATH\Commands\Server\rewrite.php(47): require_once('D:\\xampp\\htdocs\\Week 6 Layout Implementation\\public\\index.php')
CRITICAL - 2023-06-28 12:52:08 --> Undefined variable $page_title
in APPPATH\Views\dashboard_view.php on line 4.
 1 APPPATH\Views\dashboard_view.php(4): CodeIgniter\Debug\Exceptions->errorHandler(2, 'Undefined variable $page_title', 'D:\\xampp\\htdocs\\Week 6 Layout Implementation\\app\\Views\\dashboard_view.php', 4)
 2 SYSTEMPATH\View\View.php(213): include('D:\\xampp\\htdocs\\Week 6 Layout Implementation\\app\\Views\\dashboard_view.php')
 3 SYSTEMPATH\View\View.php(216): CodeIgniter\View\View->CodeIgniter\View\{closure}()
 4 SYSTEMPATH\Common.php(1184): CodeIgniter\View\View->render('dashboard_view', [], true)
 5 APPPATH\Controllers\Dashboard.php(16): view('dashboard_view', [...])
 6 SYSTEMPATH\CodeIgniter.php(934): App\Controllers\Dashboard->index()
 7 SYSTEMPATH\CodeIgniter.php(499): CodeIgniter\CodeIgniter->runController(Object(App\Controllers\Dashboard))
 8 SYSTEMPATH\CodeIgniter.php(368): CodeIgniter\CodeIgniter->handleRequest(null, Object(Config\Cache), false)
 9 FCPATH\index.php(67): CodeIgniter\CodeIgniter->run()
10 SYSTEMPATH\Commands\Server\rewrite.php(47): require_once('D:\\xampp\\htdocs\\Week 6 Layout Implementation\\public\\index.php')
